[debug] [2025-11-24T02:37:17.083Z] [Firebase Plugin] Activating Firebase extension.
[debug] [2025-11-24T02:37:17.616Z] [Firebase Plugin] requireAuthWrapper
[debug] [2025-11-24T02:37:17.617Z] > command requires scopes: ["email","openid","https://www.googleapis.com/auth/cloudplatformprojects.readonly","https://www.googleapis.com/auth/firebase","https://www.googleapis.com/auth/cloud-platform"]
[debug] [2025-11-24T02:37:17.634Z] [Firebase Plugin] VSCode notification server listening on port 40002
[error] [Firebase Plugin] requireAuth error: Could not load the default credentials. Browse to https://cloud.google.com/docs/authentication/getting-started for more information.
[debug] [2025-11-24T02:37:18.248Z] Object "/storage" in "firebase.json" is missing required property: {"missingProperty":"rules"}
[debug] [2025-11-24T02:37:18.248Z] Field "/storage" in "firebase.json" is possibly invalid: must be array
[debug] [2025-11-24T02:37:18.249Z] Field "/storage" in "firebase.json" is possibly invalid: must match a schema in anyOf
[info] [Firebase Plugin] Starting Data Connect toolkit (version 2.17.0) on port 50001
[debug] [2025-11-24T02:37:18.353Z] 'fdc build' failed with error: Unable to build your Data Connect schema and connectors (exit code 1): E1124 08:22:18.350578  389927 cmd.go:43] Error loading data connect config: could not find dataconnect.yaml in `/home/ukeshd/Documents/FreelanceProjects/New Nexon/nexon-inc/dataconnect`
 {"metadata":{"emulator":{"name":"dataconnect"},"message":"'fdc build' failed with error: Unable to build your Data Connect schema and connectors (exit code 1): E1124 08:22:18.350578  389927 cmd.go:43] Error loading data connect config: could not find dataconnect.yaml in `/home/ukeshd/Documents/FreelanceProjects/New Nexon/nexon-inc/dataconnect`\n"}}
[debug] [2025-11-24T02:37:18.355Z] Ignoring unsupported arg: auto_download {"metadata":{"emulator":{"name":"dataconnect"},"message":"Ignoring unsupported arg: auto_download"}}
[debug] [2025-11-24T02:37:18.356Z] Ignoring unsupported arg: port {"metadata":{"emulator":{"name":"dataconnect"},"message":"Ignoring unsupported arg: port"}}
[debug] [2025-11-24T02:37:18.357Z] Starting Data Connect Emulator with command {"binary":"/home/ukeshd/.cache/firebase/emulators/dataconnect-emulator-2.17.0","args":["--logtostderr","-v=2","dev","--listen=localhost:50001","--config_dir=/home/ukeshd/Documents/FreelanceProjects/New Nexon/nexon-inc/dataconnect","--enable_output_schema_extensions=true","--enable_output_generated_sdk=true"],"optionalArgs":["listen","config_dir","enable_output_schema_extensions","enable_output_generated_sdk"],"joinArgs":true,"shell":false,"port":9399} {"metadata":{"emulator":{"name":"dataconnect"},"message":"Starting Data Connect Emulator with command {\"binary\":\"/home/ukeshd/.cache/firebase/emulators/dataconnect-emulator-2.17.0\",\"args\":[\"--logtostderr\",\"-v=2\",\"dev\",\"--listen=localhost:50001\",\"--config_dir=/home/ukeshd/Documents/FreelanceProjects/New Nexon/nexon-inc/dataconnect\",\"--enable_output_schema_extensions=true\",\"--enable_output_generated_sdk=true\"],\"optionalArgs\":[\"listen\",\"config_dir\",\"enable_output_schema_extensions\",\"enable_output_generated_sdk\"],\"joinArgs\":true,\"shell\":false,\"port\":9399}"}}
[info] i  dataconnect: Data Connect Emulator logging to dataconnect-debug.log {"metadata":{"emulator":{"name":"dataconnect"},"message":"Data Connect Emulator logging to dataconnect-debug.log"}}
[debug] [2025-11-24T02:37:18.402Z] E1124 08:22:18.386503  389936 dev.go:82] Failed to load initial config from "/home/ukeshd/Documents/FreelanceProjects/New Nexon/nexon-inc/dataconnect": could not find dataconnect.yaml in `/home/ukeshd/Documents/FreelanceProjects/New Nexon/nexon-inc/dataconnect`
E1124 08:22:18.386917  389936 watch.go:102] watchAllDir unable to walk dir `/home/ukeshd/Documents/FreelanceProjects/New Nexon/nexon-inc/dataconnect`: lstat /home/ukeshd/Documents/FreelanceProjects/New Nexon/nexon-inc/dataconnect: no such file or directory
I1124 08:22:18.387504  389936 dev.go:105] Listening on address (HTTP + gRPC): 127.0.0.1:50001
 {"metadata":{"emulator":{"name":"dataconnect"},"message":"E1124 08:22:18.386503  389936 dev.go:82] Failed to load initial config from \"/home/ukeshd/Documents/FreelanceProjects/New Nexon/nexon-inc/dataconnect\": could not find dataconnect.yaml in `/home/ukeshd/Documents/FreelanceProjects/New Nexon/nexon-inc/dataconnect`\nE1124 08:22:18.386917  389936 watch.go:102] watchAllDir unable to walk dir `/home/ukeshd/Documents/FreelanceProjects/New Nexon/nexon-inc/dataconnect`: lstat /home/ukeshd/Documents/FreelanceProjects/New Nexon/nexon-inc/dataconnect: no such file or directory\nI1124 08:22:18.387504  389936 dev.go:105] Listening on address (HTTP + gRPC): 127.0.0.1:50001\n"}}
[error] [Firebase Plugin] error:  {}
[debug] [2025-11-24T02:37:28.435Z] E1124 08:22:28.435255  389936 watch.go:31] Failed to load config from "/home/ukeshd/Documents/FreelanceProjects/New Nexon/nexon-inc/dataconnect": could not find dataconnect.yaml in `/home/ukeshd/Documents/FreelanceProjects/New Nexon/nexon-inc/dataconnect`
 {"metadata":{"emulator":{"name":"dataconnect"},"message":"E1124 08:22:28.435255  389936 watch.go:31] Failed to load config from \"/home/ukeshd/Documents/FreelanceProjects/New Nexon/nexon-inc/dataconnect\": could not find dataconnect.yaml in `/home/ukeshd/Documents/FreelanceProjects/New Nexon/nexon-inc/dataconnect`\n"}}
[debug] [2025-11-24T02:37:38.435Z] E1124 08:22:38.435254  389936 watch.go:31] Failed to load config from "/home/ukeshd/Documents/FreelanceProjects/New Nexon/nexon-inc/dataconnect": could not find dataconnect.yaml in `/home/ukeshd/Documents/FreelanceProjects/New Nexon/nexon-inc/dataconnect`
 {"metadata":{"emulator":{"name":"dataconnect"},"message":"E1124 08:22:38.435254  389936 watch.go:31] Failed to load config from \"/home/ukeshd/Documents/FreelanceProjects/New Nexon/nexon-inc/dataconnect\": could not find dataconnect.yaml in `/home/ukeshd/Documents/FreelanceProjects/New Nexon/nexon-inc/dataconnect`\n"}}
[debug] [2025-11-24T02:37:48.424Z] E1124 08:22:48.424316  389936 watch.go:31] Failed to load config from "/home/ukeshd/Documents/FreelanceProjects/New Nexon/nexon-inc/dataconnect": could not find dataconnect.yaml in `/home/ukeshd/Documents/FreelanceProjects/New Nexon/nexon-inc/dataconnect`
 {"metadata":{"emulator":{"name":"dataconnect"},"message":"E1124 08:22:48.424316  389936 watch.go:31] Failed to load config from \"/home/ukeshd/Documents/FreelanceProjects/New Nexon/nexon-inc/dataconnect\": could not find dataconnect.yaml in `/home/ukeshd/Documents/FreelanceProjects/New Nexon/nexon-inc/dataconnect`\n"}}
[debug] [2025-11-24T02:37:58.435Z] E1124 08:22:58.435311  389936 watch.go:31] Failed to load config from "/home/ukeshd/Documents/FreelanceProjects/New Nexon/nexon-inc/dataconnect": could not find dataconnect.yaml in `/home/ukeshd/Documents/FreelanceProjects/New Nexon/nexon-inc/dataconnect`
 {"metadata":{"emulator":{"name":"dataconnect"},"message":"E1124 08:22:58.435311  389936 watch.go:31] Failed to load config from \"/home/ukeshd/Documents/FreelanceProjects/New Nexon/nexon-inc/dataconnect\": could not find dataconnect.yaml in `/home/ukeshd/Documents/FreelanceProjects/New Nexon/nexon-inc/dataconnect`\n"}}
[debug] [2025-11-24T02:38:08.435Z] E1124 08:23:08.435275  389936 watch.go:31] Failed to load config from "/home/ukeshd/Documents/FreelanceProjects/New Nexon/nexon-inc/dataconnect": could not find dataconnect.yaml in `/home/ukeshd/Documents/FreelanceProjects/New Nexon/nexon-inc/dataconnect`
 {"metadata":{"emulator":{"name":"dataconnect"},"message":"E1124 08:23:08.435275  389936 watch.go:31] Failed to load config from \"/home/ukeshd/Documents/FreelanceProjects/New Nexon/nexon-inc/dataconnect\": could not find dataconnect.yaml in `/home/ukeshd/Documents/FreelanceProjects/New Nexon/nexon-inc/dataconnect`\n"}}
[debug] [2025-11-24T02:38:18.425Z] E1124 08:23:18.424407  389936 watch.go:31] Failed to load config from "/home/ukeshd/Documents/FreelanceProjects/New Nexon/nexon-inc/dataconnect": could not find dataconnect.yaml in `/home/ukeshd/Documents/FreelanceProjects/New Nexon/nexon-inc/dataconnect`
 {"metadata":{"emulator":{"name":"dataconnect"},"message":"E1124 08:23:18.424407  389936 watch.go:31] Failed to load config from \"/home/ukeshd/Documents/FreelanceProjects/New Nexon/nexon-inc/dataconnect\": could not find dataconnect.yaml in `/home/ukeshd/Documents/FreelanceProjects/New Nexon/nexon-inc/dataconnect`\n"}}
[debug] [2025-11-24T02:38:28.436Z] E1124 08:23:28.436303  389936 watch.go:31] Failed to load config from "/home/ukeshd/Documents/FreelanceProjects/New Nexon/nexon-inc/dataconnect": could not find dataconnect.yaml in `/home/ukeshd/Documents/FreelanceProjects/New Nexon/nexon-inc/dataconnect`
 {"metadata":{"emulator":{"name":"dataconnect"},"message":"E1124 08:23:28.436303  389936 watch.go:31] Failed to load config from \"/home/ukeshd/Documents/FreelanceProjects/New Nexon/nexon-inc/dataconnect\": could not find dataconnect.yaml in `/home/ukeshd/Documents/FreelanceProjects/New Nexon/nexon-inc/dataconnect`\n"}}
[debug] [2025-11-24T02:38:38.436Z] E1124 08:23:38.435865  389936 watch.go:31] Failed to load config from "/home/ukeshd/Documents/FreelanceProjects/New Nexon/nexon-inc/dataconnect": could not find dataconnect.yaml in `/home/ukeshd/Documents/FreelanceProjects/New Nexon/nexon-inc/dataconnect`
 {"metadata":{"emulator":{"name":"dataconnect"},"message":"E1124 08:23:38.435865  389936 watch.go:31] Failed to load config from \"/home/ukeshd/Documents/FreelanceProjects/New Nexon/nexon-inc/dataconnect\": could not find dataconnect.yaml in `/home/ukeshd/Documents/FreelanceProjects/New Nexon/nexon-inc/dataconnect`\n"}}
[debug] [2025-11-24T02:38:48.426Z] E1124 08:23:48.425637  389936 watch.go:31] Failed to load config from "/home/ukeshd/Documents/FreelanceProjects/New Nexon/nexon-inc/dataconnect": could not find dataconnect.yaml in `/home/ukeshd/Documents/FreelanceProjects/New Nexon/nexon-inc/dataconnect`
 {"metadata":{"emulator":{"name":"dataconnect"},"message":"E1124 08:23:48.425637  389936 watch.go:31] Failed to load config from \"/home/ukeshd/Documents/FreelanceProjects/New Nexon/nexon-inc/dataconnect\": could not find dataconnect.yaml in `/home/ukeshd/Documents/FreelanceProjects/New Nexon/nexon-inc/dataconnect`\n"}}
[debug] [2025-11-24T02:38:58.437Z] E1124 08:23:58.436466  389936 watch.go:31] Failed to load config from "/home/ukeshd/Documents/FreelanceProjects/New Nexon/nexon-inc/dataconnect": could not find dataconnect.yaml in `/home/ukeshd/Documents/FreelanceProjects/New Nexon/nexon-inc/dataconnect`
 {"metadata":{"emulator":{"name":"dataconnect"},"message":"E1124 08:23:58.436466  389936 watch.go:31] Failed to load config from \"/home/ukeshd/Documents/FreelanceProjects/New Nexon/nexon-inc/dataconnect\": could not find dataconnect.yaml in `/home/ukeshd/Documents/FreelanceProjects/New Nexon/nexon-inc/dataconnect`\n"}}
[debug] [2025-11-24T02:39:08.436Z] E1124 08:24:08.436345  389936 watch.go:31] Failed to load config from "/home/ukeshd/Documents/FreelanceProjects/New Nexon/nexon-inc/dataconnect": could not find dataconnect.yaml in `/home/ukeshd/Documents/FreelanceProjects/New Nexon/nexon-inc/dataconnect`
 {"metadata":{"emulator":{"name":"dataconnect"},"message":"E1124 08:24:08.436345  389936 watch.go:31] Failed to load config from \"/home/ukeshd/Documents/FreelanceProjects/New Nexon/nexon-inc/dataconnect\": could not find dataconnect.yaml in `/home/ukeshd/Documents/FreelanceProjects/New Nexon/nexon-inc/dataconnect`\n"}}
[debug] [2025-11-24T02:39:18.425Z] E1124 08:24:18.424551  389936 watch.go:31] Failed to load config from "/home/ukeshd/Documents/FreelanceProjects/New Nexon/nexon-inc/dataconnect": could not find dataconnect.yaml in `/home/ukeshd/Documents/FreelanceProjects/New Nexon/nexon-inc/dataconnect`
E1124 08:24:18.424673  389936 watch.go:102] watchAllDir unable to walk dir `/home/ukeshd/Documents/FreelanceProjects/New Nexon/nexon-inc/dataconnect`: lstat /home/ukeshd/Documents/FreelanceProjects/New Nexon/nexon-inc/dataconnect: no such file or directory
 {"metadata":{"emulator":{"name":"dataconnect"},"message":"E1124 08:24:18.424551  389936 watch.go:31] Failed to load config from \"/home/ukeshd/Documents/FreelanceProjects/New Nexon/nexon-inc/dataconnect\": could not find dataconnect.yaml in `/home/ukeshd/Documents/FreelanceProjects/New Nexon/nexon-inc/dataconnect`\nE1124 08:24:18.424673  389936 watch.go:102] watchAllDir unable to walk dir `/home/ukeshd/Documents/FreelanceProjects/New Nexon/nexon-inc/dataconnect`: lstat /home/ukeshd/Documents/FreelanceProjects/New Nexon/nexon-inc/dataconnect: no such file or directory\n"}}
[debug] [2025-11-24T02:39:28.389Z] E1124 08:24:28.388534  389936 watch.go:31] Failed to load config from "/home/ukeshd/Documents/FreelanceProjects/New Nexon/nexon-inc/dataconnect": could not find dataconnect.yaml in `/home/ukeshd/Documents/FreelanceProjects/New Nexon/nexon-inc/dataconnect`
 {"metadata":{"emulator":{"name":"dataconnect"},"message":"E1124 08:24:28.388534  389936 watch.go:31] Failed to load config from \"/home/ukeshd/Documents/FreelanceProjects/New Nexon/nexon-inc/dataconnect\": could not find dataconnect.yaml in `/home/ukeshd/Documents/FreelanceProjects/New Nexon/nexon-inc/dataconnect`\n"}}
[debug] [2025-11-24T02:39:38.387Z] E1124 08:24:38.387535  389936 watch.go:31] Failed to load config from "/home/ukeshd/Documents/FreelanceProjects/New Nexon/nexon-inc/dataconnect": could not find dataconnect.yaml in `/home/ukeshd/Documents/FreelanceProjects/New Nexon/nexon-inc/dataconnect`
 {"metadata":{"emulator":{"name":"dataconnect"},"message":"E1124 08:24:38.387535  389936 watch.go:31] Failed to load config from \"/home/ukeshd/Documents/FreelanceProjects/New Nexon/nexon-inc/dataconnect\": could not find dataconnect.yaml in `/home/ukeshd/Documents/FreelanceProjects/New Nexon/nexon-inc/dataconnect`\n"}}
[debug] [2025-11-24T02:39:48.424Z] E1124 08:24:48.424343  389936 watch.go:31] Failed to load config from "/home/ukeshd/Documents/FreelanceProjects/New Nexon/nexon-inc/dataconnect": could not find dataconnect.yaml in `/home/ukeshd/Documents/FreelanceProjects/New Nexon/nexon-inc/dataconnect`
 {"metadata":{"emulator":{"name":"dataconnect"},"message":"E1124 08:24:48.424343  389936 watch.go:31] Failed to load config from \"/home/ukeshd/Documents/FreelanceProjects/New Nexon/nexon-inc/dataconnect\": could not find dataconnect.yaml in `/home/ukeshd/Documents/FreelanceProjects/New Nexon/nexon-inc/dataconnect`\n"}}
[debug] [2025-11-24T02:39:58.436Z] E1124 08:24:58.436386  389936 watch.go:31] Failed to load config from "/home/ukeshd/Documents/FreelanceProjects/New Nexon/nexon-inc/dataconnect": could not find dataconnect.yaml in `/home/ukeshd/Documents/FreelanceProjects/New Nexon/nexon-inc/dataconnect`
 {"metadata":{"emulator":{"name":"dataconnect"},"message":"E1124 08:24:58.436386  389936 watch.go:31] Failed to load config from \"/home/ukeshd/Documents/FreelanceProjects/New Nexon/nexon-inc/dataconnect\": could not find dataconnect.yaml in `/home/ukeshd/Documents/FreelanceProjects/New Nexon/nexon-inc/dataconnect`\n"}}
[debug] [2025-11-24T02:40:08.435Z] E1124 08:25:08.435339  389936 watch.go:31] Failed to load config from "/home/ukeshd/Documents/FreelanceProjects/New Nexon/nexon-inc/dataconnect": could not find dataconnect.yaml in `/home/ukeshd/Documents/FreelanceProjects/New Nexon/nexon-inc/dataconnect`
 {"metadata":{"emulator":{"name":"dataconnect"},"message":"E1124 08:25:08.435339  389936 watch.go:31] Failed to load config from \"/home/ukeshd/Documents/FreelanceProjects/New Nexon/nexon-inc/dataconnect\": could not find dataconnect.yaml in `/home/ukeshd/Documents/FreelanceProjects/New Nexon/nexon-inc/dataconnect`\n"}}
[debug] [2025-11-24T02:40:18.424Z] E1124 08:25:18.424295  389936 watch.go:31] Failed to load config from "/home/ukeshd/Documents/FreelanceProjects/New Nexon/nexon-inc/dataconnect": could not find dataconnect.yaml in `/home/ukeshd/Documents/FreelanceProjects/New Nexon/nexon-inc/dataconnect`
 {"metadata":{"emulator":{"name":"dataconnect"},"message":"E1124 08:25:18.424295  389936 watch.go:31] Failed to load config from \"/home/ukeshd/Documents/FreelanceProjects/New Nexon/nexon-inc/dataconnect\": could not find dataconnect.yaml in `/home/ukeshd/Documents/FreelanceProjects/New Nexon/nexon-inc/dataconnect`\n"}}
[debug] [2025-11-24T02:40:28.437Z] E1124 08:25:28.436394  389936 watch.go:31] Failed to load config from "/home/ukeshd/Documents/FreelanceProjects/New Nexon/nexon-inc/dataconnect": could not find dataconnect.yaml in `/home/ukeshd/Documents/FreelanceProjects/New Nexon/nexon-inc/dataconnect`
 {"metadata":{"emulator":{"name":"dataconnect"},"message":"E1124 08:25:28.436394  389936 watch.go:31] Failed to load config from \"/home/ukeshd/Documents/FreelanceProjects/New Nexon/nexon-inc/dataconnect\": could not find dataconnect.yaml in `/home/ukeshd/Documents/FreelanceProjects/New Nexon/nexon-inc/dataconnect`\n"}}
[debug] [2025-11-24T02:40:38.436Z] E1124 08:25:38.436319  389936 watch.go:31] Failed to load config from "/home/ukeshd/Documents/FreelanceProjects/New Nexon/nexon-inc/dataconnect": could not find dataconnect.yaml in `/home/ukeshd/Documents/FreelanceProjects/New Nexon/nexon-inc/dataconnect`
 {"metadata":{"emulator":{"name":"dataconnect"},"message":"E1124 08:25:38.436319  389936 watch.go:31] Failed to load config from \"/home/ukeshd/Documents/FreelanceProjects/New Nexon/nexon-inc/dataconnect\": could not find dataconnect.yaml in `/home/ukeshd/Documents/FreelanceProjects/New Nexon/nexon-inc/dataconnect`\n"}}
[debug] [2025-11-24T02:40:48.425Z] E1124 08:25:48.424851  389936 watch.go:31] Failed to load config from "/home/ukeshd/Documents/FreelanceProjects/New Nexon/nexon-inc/dataconnect": could not find dataconnect.yaml in `/home/ukeshd/Documents/FreelanceProjects/New Nexon/nexon-inc/dataconnect`
 {"metadata":{"emulator":{"name":"dataconnect"},"message":"E1124 08:25:48.424851  389936 watch.go:31] Failed to load config from \"/home/ukeshd/Documents/FreelanceProjects/New Nexon/nexon-inc/dataconnect\": could not find dataconnect.yaml in `/home/ukeshd/Documents/FreelanceProjects/New Nexon/nexon-inc/dataconnect`\n"}}
[debug] [2025-11-24T02:40:58.436Z] E1124 08:25:58.436298  389936 watch.go:31] Failed to load config from "/home/ukeshd/Documents/FreelanceProjects/New Nexon/nexon-inc/dataconnect": could not find dataconnect.yaml in `/home/ukeshd/Documents/FreelanceProjects/New Nexon/nexon-inc/dataconnect`
 {"metadata":{"emulator":{"name":"dataconnect"},"message":"E1124 08:25:58.436298  389936 watch.go:31] Failed to load config from \"/home/ukeshd/Documents/FreelanceProjects/New Nexon/nexon-inc/dataconnect\": could not find dataconnect.yaml in `/home/ukeshd/Documents/FreelanceProjects/New Nexon/nexon-inc/dataconnect`\n"}}
[debug] [2025-11-24T02:41:08.435Z] E1124 08:26:08.435291  389936 watch.go:31] Failed to load config from "/home/ukeshd/Documents/FreelanceProjects/New Nexon/nexon-inc/dataconnect": could not find dataconnect.yaml in `/home/ukeshd/Documents/FreelanceProjects/New Nexon/nexon-inc/dataconnect`
 {"metadata":{"emulator":{"name":"dataconnect"},"message":"E1124 08:26:08.435291  389936 watch.go:31] Failed to load config from \"/home/ukeshd/Documents/FreelanceProjects/New Nexon/nexon-inc/dataconnect\": could not find dataconnect.yaml in `/home/ukeshd/Documents/FreelanceProjects/New Nexon/nexon-inc/dataconnect`\n"}}
[debug] [2025-11-24T02:41:18.424Z] E1124 08:26:18.424384  389936 watch.go:31] Failed to load config from "/home/ukeshd/Documents/FreelanceProjects/New Nexon/nexon-inc/dataconnect": could not find dataconnect.yaml in `/home/ukeshd/Documents/FreelanceProjects/New Nexon/nexon-inc/dataconnect`
E1124 08:26:18.424445  389936 watch.go:102] watchAllDir unable to walk dir `/home/ukeshd/Documents/FreelanceProjects/New Nexon/nexon-inc/dataconnect`: lstat /home/ukeshd/Documents/FreelanceProjects/New Nexon/nexon-inc/dataconnect: no such file or directory
 {"metadata":{"emulator":{"name":"dataconnect"},"message":"E1124 08:26:18.424384  389936 watch.go:31] Failed to load config from \"/home/ukeshd/Documents/FreelanceProjects/New Nexon/nexon-inc/dataconnect\": could not find dataconnect.yaml in `/home/ukeshd/Documents/FreelanceProjects/New Nexon/nexon-inc/dataconnect`\nE1124 08:26:18.424445  389936 watch.go:102] watchAllDir unable to walk dir `/home/ukeshd/Documents/FreelanceProjects/New Nexon/nexon-inc/dataconnect`: lstat /home/ukeshd/Documents/FreelanceProjects/New Nexon/nexon-inc/dataconnect: no such file or directory\n"}}
[debug] [2025-11-24T02:41:28.398Z] E1124 08:26:28.398181  389936 watch.go:31] Failed to load config from "/home/ukeshd/Documents/FreelanceProjects/New Nexon/nexon-inc/dataconnect": could not find dataconnect.yaml in `/home/ukeshd/Documents/FreelanceProjects/New Nexon/nexon-inc/dataconnect`
 {"metadata":{"emulator":{"name":"dataconnect"},"message":"E1124 08:26:28.398181  389936 watch.go:31] Failed to load config from \"/home/ukeshd/Documents/FreelanceProjects/New Nexon/nexon-inc/dataconnect\": could not find dataconnect.yaml in `/home/ukeshd/Documents/FreelanceProjects/New Nexon/nexon-inc/dataconnect`\n"}}
[debug] [2025-11-24T02:41:38.388Z] E1124 08:26:38.387831  389936 watch.go:31] Failed to load config from "/home/ukeshd/Documents/FreelanceProjects/New Nexon/nexon-inc/dataconnect": could not find dataconnect.yaml in `/home/ukeshd/Documents/FreelanceProjects/New Nexon/nexon-inc/dataconnect`
 {"metadata":{"emulator":{"name":"dataconnect"},"message":"E1124 08:26:38.387831  389936 watch.go:31] Failed to load config from \"/home/ukeshd/Documents/FreelanceProjects/New Nexon/nexon-inc/dataconnect\": could not find dataconnect.yaml in `/home/ukeshd/Documents/FreelanceProjects/New Nexon/nexon-inc/dataconnect`\n"}}
[debug] [2025-11-24T02:41:48.421Z] E1124 08:26:48.421135  389936 watch.go:31] Failed to load config from "/home/ukeshd/Documents/FreelanceProjects/New Nexon/nexon-inc/dataconnect": could not find dataconnect.yaml in `/home/ukeshd/Documents/FreelanceProjects/New Nexon/nexon-inc/dataconnect`
 {"metadata":{"emulator":{"name":"dataconnect"},"message":"E1124 08:26:48.421135  389936 watch.go:31] Failed to load config from \"/home/ukeshd/Documents/FreelanceProjects/New Nexon/nexon-inc/dataconnect\": could not find dataconnect.yaml in `/home/ukeshd/Documents/FreelanceProjects/New Nexon/nexon-inc/dataconnect`\n"}}
[debug] [2025-11-24T02:41:58.435Z] E1124 08:26:58.435339  389936 watch.go:31] Failed to load config from "/home/ukeshd/Documents/FreelanceProjects/New Nexon/nexon-inc/dataconnect": could not find dataconnect.yaml in `/home/ukeshd/Documents/FreelanceProjects/New Nexon/nexon-inc/dataconnect`
 {"metadata":{"emulator":{"name":"dataconnect"},"message":"E1124 08:26:58.435339  389936 watch.go:31] Failed to load config from \"/home/ukeshd/Documents/FreelanceProjects/New Nexon/nexon-inc/dataconnect\": could not find dataconnect.yaml in `/home/ukeshd/Documents/FreelanceProjects/New Nexon/nexon-inc/dataconnect`\n"}}
[debug] [2025-11-24T02:42:08.435Z] E1124 08:27:08.435354  389936 watch.go:31] Failed to load config from "/home/ukeshd/Documents/FreelanceProjects/New Nexon/nexon-inc/dataconnect": could not find dataconnect.yaml in `/home/ukeshd/Documents/FreelanceProjects/New Nexon/nexon-inc/dataconnect`
 {"metadata":{"emulator":{"name":"dataconnect"},"message":"E1124 08:27:08.435354  389936 watch.go:31] Failed to load config from \"/home/ukeshd/Documents/FreelanceProjects/New Nexon/nexon-inc/dataconnect\": could not find dataconnect.yaml in `/home/ukeshd/Documents/FreelanceProjects/New Nexon/nexon-inc/dataconnect`\n"}}
[debug] [2025-11-24T02:42:18.424Z] E1124 08:27:18.424352  389936 watch.go:31] Failed to load config from "/home/ukeshd/Documents/FreelanceProjects/New Nexon/nexon-inc/dataconnect": could not find dataconnect.yaml in `/home/ukeshd/Documents/FreelanceProjects/New Nexon/nexon-inc/dataconnect`
 {"metadata":{"emulator":{"name":"dataconnect"},"message":"E1124 08:27:18.424352  389936 watch.go:31] Failed to load config from \"/home/ukeshd/Documents/FreelanceProjects/New Nexon/nexon-inc/dataconnect\": could not find dataconnect.yaml in `/home/ukeshd/Documents/FreelanceProjects/New Nexon/nexon-inc/dataconnect`\n"}}
[debug] [2025-11-24T02:42:28.436Z] E1124 08:27:28.436315  389936 watch.go:31] Failed to load config from "/home/ukeshd/Documents/FreelanceProjects/New Nexon/nexon-inc/dataconnect": could not find dataconnect.yaml in `/home/ukeshd/Documents/FreelanceProjects/New Nexon/nexon-inc/dataconnect`
 {"metadata":{"emulator":{"name":"dataconnect"},"message":"E1124 08:27:28.436315  389936 watch.go:31] Failed to load config from \"/home/ukeshd/Documents/FreelanceProjects/New Nexon/nexon-inc/dataconnect\": could not find dataconnect.yaml in `/home/ukeshd/Documents/FreelanceProjects/New Nexon/nexon-inc/dataconnect`\n"}}
[debug] [2025-11-24T02:42:38.435Z] E1124 08:27:38.435416  389936 watch.go:31] Failed to load config from "/home/ukeshd/Documents/FreelanceProjects/New Nexon/nexon-inc/dataconnect": could not find dataconnect.yaml in `/home/ukeshd/Documents/FreelanceProjects/New Nexon/nexon-inc/dataconnect`
 {"metadata":{"emulator":{"name":"dataconnect"},"message":"E1124 08:27:38.435416  389936 watch.go:31] Failed to load config from \"/home/ukeshd/Documents/FreelanceProjects/New Nexon/nexon-inc/dataconnect\": could not find dataconnect.yaml in `/home/ukeshd/Documents/FreelanceProjects/New Nexon/nexon-inc/dataconnect`\n"}}
[debug] [2025-11-24T02:42:48.424Z] E1124 08:27:48.424281  389936 watch.go:31] Failed to load config from "/home/ukeshd/Documents/FreelanceProjects/New Nexon/nexon-inc/dataconnect": could not find dataconnect.yaml in `/home/ukeshd/Documents/FreelanceProjects/New Nexon/nexon-inc/dataconnect`
 {"metadata":{"emulator":{"name":"dataconnect"},"message":"E1124 08:27:48.424281  389936 watch.go:31] Failed to load config from \"/home/ukeshd/Documents/FreelanceProjects/New Nexon/nexon-inc/dataconnect\": could not find dataconnect.yaml in `/home/ukeshd/Documents/FreelanceProjects/New Nexon/nexon-inc/dataconnect`\n"}}
[debug] [2025-11-24T02:42:58.435Z] E1124 08:27:58.435350  389936 watch.go:31] Failed to load config from "/home/ukeshd/Documents/FreelanceProjects/New Nexon/nexon-inc/dataconnect": could not find dataconnect.yaml in `/home/ukeshd/Documents/FreelanceProjects/New Nexon/nexon-inc/dataconnect`
 {"metadata":{"emulator":{"name":"dataconnect"},"message":"E1124 08:27:58.435350  389936 watch.go:31] Failed to load config from \"/home/ukeshd/Documents/FreelanceProjects/New Nexon/nexon-inc/dataconnect\": could not find dataconnect.yaml in `/home/ukeshd/Documents/FreelanceProjects/New Nexon/nexon-inc/dataconnect`\n"}}
[debug] [2025-11-24T02:43:08.435Z] E1124 08:28:08.435429  389936 watch.go:31] Failed to load config from "/home/ukeshd/Documents/FreelanceProjects/New Nexon/nexon-inc/dataconnect": could not find dataconnect.yaml in `/home/ukeshd/Documents/FreelanceProjects/New Nexon/nexon-inc/dataconnect`
 {"metadata":{"emulator":{"name":"dataconnect"},"message":"E1124 08:28:08.435429  389936 watch.go:31] Failed to load config from \"/home/ukeshd/Documents/FreelanceProjects/New Nexon/nexon-inc/dataconnect\": could not find dataconnect.yaml in `/home/ukeshd/Documents/FreelanceProjects/New Nexon/nexon-inc/dataconnect`\n"}}
[debug] [2025-11-24T02:43:18.424Z] E1124 08:28:18.424420  389936 watch.go:31] Failed to load config from "/home/ukeshd/Documents/FreelanceProjects/New Nexon/nexon-inc/dataconnect": could not find dataconnect.yaml in `/home/ukeshd/Documents/FreelanceProjects/New Nexon/nexon-inc/dataconnect`
E1124 08:28:18.424496  389936 watch.go:102] watchAllDir unable to walk dir `/home/ukeshd/Documents/FreelanceProjects/New Nexon/nexon-inc/dataconnect`: lstat /home/ukeshd/Documents/FreelanceProjects/New Nexon/nexon-inc/dataconnect: no such file or directory
 {"metadata":{"emulator":{"name":"dataconnect"},"message":"E1124 08:28:18.424420  389936 watch.go:31] Failed to load config from \"/home/ukeshd/Documents/FreelanceProjects/New Nexon/nexon-inc/dataconnect\": could not find dataconnect.yaml in `/home/ukeshd/Documents/FreelanceProjects/New Nexon/nexon-inc/dataconnect`\nE1124 08:28:18.424496  389936 watch.go:102] watchAllDir unable to walk dir `/home/ukeshd/Documents/FreelanceProjects/New Nexon/nexon-inc/dataconnect`: lstat /home/ukeshd/Documents/FreelanceProjects/New Nexon/nexon-inc/dataconnect: no such file or directory\n"}}
[debug] [2025-11-24T02:43:28.409Z] E1124 08:28:28.408825  389936 watch.go:31] Failed to load config from "/home/ukeshd/Documents/FreelanceProjects/New Nexon/nexon-inc/dataconnect": could not find dataconnect.yaml in `/home/ukeshd/Documents/FreelanceProjects/New Nexon/nexon-inc/dataconnect`
 {"metadata":{"emulator":{"name":"dataconnect"},"message":"E1124 08:28:28.408825  389936 watch.go:31] Failed to load config from \"/home/ukeshd/Documents/FreelanceProjects/New Nexon/nexon-inc/dataconnect\": could not find dataconnect.yaml in `/home/ukeshd/Documents/FreelanceProjects/New Nexon/nexon-inc/dataconnect`\n"}}
[debug] [2025-11-24T02:43:38.387Z] E1124 08:28:38.387589  389936 watch.go:31] Failed to load config from "/home/ukeshd/Documents/FreelanceProjects/New Nexon/nexon-inc/dataconnect": could not find dataconnect.yaml in `/home/ukeshd/Documents/FreelanceProjects/New Nexon/nexon-inc/dataconnect`
 {"metadata":{"emulator":{"name":"dataconnect"},"message":"E1124 08:28:38.387589  389936 watch.go:31] Failed to load config from \"/home/ukeshd/Documents/FreelanceProjects/New Nexon/nexon-inc/dataconnect\": could not find dataconnect.yaml in `/home/ukeshd/Documents/FreelanceProjects/New Nexon/nexon-inc/dataconnect`\n"}}
